<?xml version="1.0" encoding="UTF-8" ?>
<testsuite failures="0" time="0.113" errors="0" skipped="0" tests="1" name="org.daniels.samples.AppTest">
  <properties>
    <property name="java.runtime.name" value="Java(TM) SE Runtime Environment"/>
    <property name="sun.boot.library.path" value="c:\Program Files\Java\jdk1.7.0_21\jre\bin"/>
    <property name="java.vm.version" value="23.21-b01"/>
    <property name="java.vm.vendor" value="Oracle Corporation"/>
    <property name="java.vendor.url" value="http://java.oracle.com/"/>
    <property name="path.separator" value=";"/>
    <property name="java.vm.name" value="Java HotSpot(TM) 64-Bit Server VM"/>
    <property name="file.encoding.pkg" value="sun.io"/>
    <property name="user.script" value=""/>
    <property name="user.country" value="PL"/>
    <property name="sun.java.launcher" value="SUN_STANDARD"/>
    <property name="sun.os.patch.level" value="Service Pack 1"/>
    <property name="java.vm.specification.name" value="Java Virtual Machine Specification"/>
    <property name="user.dir" value="c:\daniels\samples\jMockitApp"/>
    <property name="java.runtime.version" value="1.7.0_21-b11"/>
    <property name="java.awt.graphicsenv" value="sun.awt.Win32GraphicsEnvironment"/>
    <property name="basedir" value="c:\daniels\samples\jMockitApp"/>
    <property name="java.endorsed.dirs" value="c:\Program Files\Java\jdk1.7.0_21\jre\lib\endorsed"/>
    <property name="os.arch" value="amd64"/>
    <property name="surefire.real.class.path" value="c:\daniels\samples\jMockitApp\target\surefire\surefirebooter2072480101306810206.jar"/>
    <property name="java.io.tmpdir" value="C:\Users\daniels\AppData\Local\Temp\"/>
    <property name="line.separator" value="
"/>
    <property name="java.vm.specification.vendor" value="Oracle Corporation"/>
    <property name="user.variant" value=""/>
    <property name="os.name" value="Windows 7"/>
    <property name="sun.jnu.encoding" value="Cp1250"/>
    <property name="java.library.path" value="c:\Program Files\Java\jdk1.7.0_21\jre\bin;C:\windows\Sun\Java\bin;C:\windows\system32;C:\windows;c:\daniels\tools\apache-ant-1.9.2\bin;C:\Program Files\Common Files\Microsoft Shared\Windows Live;C:\Program Files (x86)\Common Files\Microsoft Shared\Windows Live;C:\windows\system32;C:\windows;C:\windows\System32\Wbem;C:\windows\System32\WindowsPowerShell\v1.0\;C:\Program Files\Broadcom\Broadcom 802.11 Network Adapter\Driver;C:\Program Files (x86)\Windows Live\Shared;C:\Program Files\WIDCOMM\Bluetooth Software\;C:\Program Files\WIDCOMM\Bluetooth Software\syswow64;c:\Program Files\Java\jdk1.7.0_21/bin;c:\Program Files\apache-maven-3.0.3/bin;C:\Program Files\MySQL\MySQL Server 5.5\bin;c:\gradle-1.0-milestone-6\/bin;c:\metro/bin;c:\Program Files (x86)\Adobe\Adobe Flash Builder 4.5\sdks\4.5.1/bin;C:\springsource\spring-roo-1.2.1.RELEASE/bin;c:\tools\msysgit/cmd;c:\daniels\frameworks\scala-2.9.2/bin;C:\Program Files\TortoiseSVN\bin;C:\Program Files\TortoiseGit\bin;C:\tools\Git\cmd;C:\Program Files (x86)\Heroku\bin;C:\Program Files (x86)\git\cmd;C:\Program Files\nodejs\;C:\Users\daniels\AppData\Roaming\npm;."/>
    <property name="surefire.test.class.path" value="c:\daniels\samples\jMockitApp\target\test-classes;c:\daniels\samples\jMockitApp\target\classes;C:\Users\daniels\.m2\repository\junit\junit\4.10\junit-4.10.jar;C:\Users\daniels\.m2\repository\org\hamcrest\hamcrest-core\1.1\hamcrest-core-1.1.jar;C:\Users\daniels\.m2\repository\commons-lang\commons-lang\2.6\commons-lang-2.6.jar;C:\Users\daniels\.m2\repository\com\googlecode\jmockit\jmockit\1.6\jmockit-1.6.jar;C:\Users\daniels\.m2\repository\log4j\log4j\1.2.17\log4j-1.2.17.jar;"/>
    <property name="java.specification.name" value="Java Platform API Specification"/>
    <property name="java.class.version" value="51.0"/>
    <property name="sun.management.compiler" value="HotSpot 64-Bit Tiered Compilers"/>
    <property name="os.version" value="6.1"/>
    <property name="user.home" value="C:\Users\daniels"/>
    <property name="user.timezone" value=""/>
    <property name="java.awt.printerjob" value="sun.awt.windows.WPrinterJob"/>
    <property name="java.specification.version" value="1.7"/>
    <property name="file.encoding" value="Cp1250"/>
    <property name="user.name" value="daniels"/>
    <property name="java.class.path" value="c:\daniels\samples\jMockitApp\target\test-classes;c:\daniels\samples\jMockitApp\target\classes;C:\Users\daniels\.m2\repository\junit\junit\4.10\junit-4.10.jar;C:\Users\daniels\.m2\repository\org\hamcrest\hamcrest-core\1.1\hamcrest-core-1.1.jar;C:\Users\daniels\.m2\repository\commons-lang\commons-lang\2.6\commons-lang-2.6.jar;C:\Users\daniels\.m2\repository\com\googlecode\jmockit\jmockit\1.6\jmockit-1.6.jar;C:\Users\daniels\.m2\repository\log4j\log4j\1.2.17\log4j-1.2.17.jar;"/>
    <property name="java.vm.specification.version" value="1.7"/>
    <property name="sun.arch.data.model" value="64"/>
    <property name="java.home" value="c:\Program Files\Java\jdk1.7.0_21\jre"/>
    <property name="sun.java.command" value="c:\daniels\samples\jMockitApp\target\surefire\surefirebooter2072480101306810206.jar c:\daniels\samples\jMockitApp\target\surefire\surefire3564972810061618015tmp c:\daniels\samples\jMockitApp\target\surefire\surefire5611458695482088371tmp"/>
    <property name="java.specification.vendor" value="Oracle Corporation"/>
    <property name="user.language" value="pl"/>
    <property name="awt.toolkit" value="sun.awt.windows.WToolkit"/>
    <property name="java.vm.info" value="mixed mode"/>
    <property name="java.version" value="1.7.0_21"/>
    <property name="java.ext.dirs" value="c:\Program Files\Java\jdk1.7.0_21\jre\lib\ext;C:\windows\Sun\Java\lib\ext"/>
    <property name="sun.boot.class.path" value="c:\Program Files\Java\jdk1.7.0_21\jre\lib\resources.jar;c:\Program Files\Java\jdk1.7.0_21\jre\lib\rt.jar;c:\Program Files\Java\jdk1.7.0_21\jre\lib\sunrsasign.jar;c:\Program Files\Java\jdk1.7.0_21\jre\lib\jsse.jar;c:\Program Files\Java\jdk1.7.0_21\jre\lib\jce.jar;c:\Program Files\Java\jdk1.7.0_21\jre\lib\charsets.jar;c:\Program Files\Java\jdk1.7.0_21\jre\lib\jfr.jar;c:\Program Files\Java\jdk1.7.0_21\jre\classes"/>
    <property name="java.vendor" value="Oracle Corporation"/>
    <property name="localRepository" value="C:\Users\daniels\.m2\repository"/>
    <property name="file.separator" value="\"/>
    <property name="java.vendor.url.bug" value="http://bugreport.sun.com/bugreport/"/>
    <property name="sun.cpu.endian" value="little"/>
    <property name="sun.io.unicode.encoding" value="UnicodeLittle"/>
    <property name="sun.desktop" value="windows"/>
    <property name="sun.cpu.isalist" value="amd64"/>
  </properties>
  <testcase time="0.001" classname="org.daniels.samples.AppTest" name="testApp"/>
</testsuite>